{
  "stats": {
    "suites": 1,
    "tests": 1,
    "passes": 1,
    "pending": 0,
    "failures": 0,
    "start": "2022-02-16T18:42:07.656Z",
    "end": "2022-02-16T18:42:17.090Z",
    "duration": 9434,
    "testsRegistered": 1,
    "passPercent": 100,
    "pendingPercent": 0,
    "other": 0,
    "hasOther": false,
    "skipped": 0,
    "hasSkipped": false
  },
  "results": [
    {
      "uuid": "d3a3c198-d0c2-43a5-a654-aa0f4e15e0fb",
      "title": "",
      "fullFile": "cypress/integration/cadastro.spec.js",
      "file": "cypress/integration/cadastro.spec.js",
      "beforeHooks": [],
      "afterHooks": [],
      "tests": [],
      "suites": [
        {
          "uuid": "a80955ba-0c6f-4efc-a5bc-1e4e3e06a526",
          "title": "cadastro",
          "fullFile": "",
          "file": "",
          "beforeHooks": [],
          "afterHooks": [],
          "tests": [
            {
              "title": "Quando eu informar os dados e finalizar, entao o cadastro deve ser finalizado",
              "fullTitle": "cadastro Quando eu informar os dados e finalizar, entao o cadastro deve ser finalizado",
              "timedOut": null,
              "duration": 6622,
              "state": "passed",
              "speed": "medium",
              "pass": true,
              "fail": false,
              "pending": false,
              "context": null,
              "code": "cy.visit('https://form-agilizei.netlify.app'); // Inputs de texto, textarea / email > utilizar type\ncy.get('input[name=firstName]').type(chance.first());\ncy.get('input[name=lastName]').type(chance.last());\ncy.get('textarea[name=adress]').type(chance.address());\ncy.get('input[name=emailAdress]').type(chance.email()); // Inputs Radio, checkboxes > utilizar check\ncy.get('input[value =n]').check();\ncy.get('input[type=checkbox]').check('Netflix');\ncy.get('input[type=checkbox]').check('Dormir'); //Inputs do tipo Combobox , selects > select\ncy.get('select#countries').select('Dinamarca', {\n  force: true\n});\ncy.get('select#years').select('1990', {\n  force: true\n});\ncy.get('select#months').select('Setembro', {\n  force: true\n});\ncy.get('select#days').select('6', {\n  force: true\n}); //Inputs de senha > type\ncy.get('input#firstpassword').type('Alunos@2022');\ncy.get('input#secondpassword').type('Alunos@2022'); //Inputs do tipo button\ncy.get('#submitbtn').click(); //espero que minha aplicação seja direcionada para listagem\n//url\n//deveria conter listagem\n//should contain listagem\ncy.url().should('contain', 'listagem'); //input[name=firstName]\n//input[name=lastName]\n//textarea[name=adress]\n//input[name=emailAdress]\n//input[value =n]\n//input[type=checkbox]\n//select#countries\n//select#years\n//select#months\n//select#days\n//select#firstpassword\n//select#secondpassword",
              "err": {},
              "uuid": "ddbed94c-7d73-4982-a68c-63a5790885af",
              "parentUUID": "a80955ba-0c6f-4efc-a5bc-1e4e3e06a526",
              "isHook": false,
              "skipped": false
            }
          ],
          "suites": [],
          "passes": [
            "ddbed94c-7d73-4982-a68c-63a5790885af"
          ],
          "failures": [],
          "pending": [],
          "skipped": [],
          "duration": 6622,
          "root": false,
          "rootEmpty": false,
          "_timeout": 2000
        }
      ],
      "passes": [],
      "failures": [],
      "pending": [],
      "skipped": [],
      "duration": 0,
      "root": true,
      "rootEmpty": true,
      "_timeout": 2000
    }
  ],
  "meta": {
    "mocha": {
      "version": "7.0.1"
    },
    "mochawesome": {
      "options": {
        "quiet": true,
        "reportFilename": "mochawesome",
        "saveHtml": false,
        "saveJson": true,
        "consoleReporter": "spec",
        "useInlineDiffs": false,
        "code": true
      },
      "version": "7.0.1"
    },
    "marge": {
      "options": {
        "id": "default",
        "reporterDir": "mochawesome-reporter",
        "quiet": true,
        "overwrite": false,
        "html": false,
        "json": true
      },
      "version": "6.0.1"
    }
  }
}